from the book itself:
arff2csv
body
cols
csv2arff
drake
dseq
dumbplot
explain
header
pbc
Rio
Rio-mds
Rio-pca
Rio-scatter
sample
scrape
servewd
unpack
weka
weka-cluster

from json2csv:
json2csv

from crush_tools:
add_field
aggregate
aggregate2
bstree_test
buffer
calcfield
convdate
crushstr_test
csvformat
cutfield
dbfr_test
deltaforce
ffutils_test
fieldsplit
filterkeys
findfiles
find_not_processed
foreach_parallel
funiq
grepfield
hashjoin
hashtbl_test
indexof
mempool_test
mergekeys
pivot
qsort_helper_test
range
reorder
reutils_test
subtotal
tochar
translate_field
truncfield
